app/build/intermediates/manifest_merge_blame_file/release/manifest-merger-blame-release-report.txt
1<?xml version="1.0" encoding="utf-8"?>
2<manifest xmlns:android="http://schemas.android.com/apk/res/android"
3    package="com.clearning.app"
4    android:versionCode="1"
5    android:versionName="1.0" >
6
7    <uses-sdk
8        android:minSdkVersion="21"
9        android:targetSdkVersion="34" />
10
11    <uses-permission android:name="android.permission.INTERNET" />
11-->src\main\AndroidManifest.xml:5:5-67
11-->src\main\AndroidManifest.xml:5:22-64
12    <uses-permission android:name="android.permission.ACCESS_NETWORK_STATE" />
12-->src\main\AndroidManifest.xml:6:5-79
12-->src\main\AndroidManifest.xml:6:22-76
13
14    <permission
14-->[androidx.core:core:1.9.0] AndroidManifest.xml:22:5-24:47
15        android:name="com.clearning.app.DYNAMIC_RECEIVER_NOT_EXPORTED_PERMISSION"
15-->[androidx.core:core:1.9.0] AndroidManifest.xml:23:9-81
16        android:protectionLevel="signature" />
16-->[androidx.core:core:1.9.0] AndroidManifest.xml:24:9-44
17
18    <uses-permission android:name="com.clearning.app.DYNAMIC_RECEIVER_NOT_EXPORTED_PERMISSION" />
18-->[androidx.core:core:1.9.0] AndroidManifest.xml:26:5-97
18-->[androidx.core:core:1.9.0] AndroidManifest.xml:26:22-94
19
20    <application
20-->src\main\AndroidManifest.xml:8:5-151:19
21        android:allowBackup="true"
21-->src\main\AndroidManifest.xml:9:9-35
22        android:appComponentFactory="androidx.core.app.CoreComponentFactory"
22-->[androidx.core:core:1.9.0] AndroidManifest.xml:28:18-86
23        android:dataExtractionRules="@xml/data_extraction_rules"
23-->src\main\AndroidManifest.xml:10:9-65
24        android:extractNativeLibs="true"
25        android:fullBackupContent="@xml/backup_rules"
25-->src\main\AndroidManifest.xml:11:9-54
26        android:label="@string/app_name"
26-->src\main\AndroidManifest.xml:12:9-41
27        android:supportsRtl="true"
27-->src\main\AndroidManifest.xml:13:9-35
28        android:theme="@style/Theme.CLearning" >
28-->src\main\AndroidManifest.xml:14:9-47
29
30        <!-- Splash Activity (Launcher) -->
31        <activity
31-->src\main\AndroidManifest.xml:18:9-26:20
32            android:name="com.clearning.app.activities.SplashActivity"
32-->src\main\AndroidManifest.xml:19:13-54
33            android:exported="true"
33-->src\main\AndroidManifest.xml:20:13-36
34            android:theme="@style/Theme.CLearning.Splash" >
34-->src\main\AndroidManifest.xml:21:13-58
35            <intent-filter>
35-->src\main\AndroidManifest.xml:22:13-25:29
36                <action android:name="android.intent.action.MAIN" />
36-->src\main\AndroidManifest.xml:23:17-69
36-->src\main\AndroidManifest.xml:23:25-66
37
38                <category android:name="android.intent.category.LAUNCHER" />
38-->src\main\AndroidManifest.xml:24:17-77
38-->src\main\AndroidManifest.xml:24:27-74
39            </intent-filter>
40        </activity>
41
42        <!-- Login Activity -->
43        <activity
43-->src\main\AndroidManifest.xml:29:9-32:66
44            android:name="com.clearning.app.activities.LoginActivity"
44-->src\main\AndroidManifest.xml:30:13-53
45            android:exported="false"
45-->src\main\AndroidManifest.xml:31:13-37
46            android:theme="@style/Theme.CLearning.NoActionBar" />
46-->src\main\AndroidManifest.xml:32:13-63
47
48        <!-- Signup Activity -->
49        <activity
49-->src\main\AndroidManifest.xml:35:9-38:66
50            android:name="com.clearning.app.activities.SignupActivity"
50-->src\main\AndroidManifest.xml:36:13-54
51            android:exported="false"
51-->src\main\AndroidManifest.xml:37:13-37
52            android:theme="@style/Theme.CLearning.NoActionBar" />
52-->src\main\AndroidManifest.xml:38:13-63
53
54        <!-- Main Activity (Home) -->
55        <activity
55-->src\main\AndroidManifest.xml:41:9-44:54
56            android:name="com.clearning.app.activities.MainActivity"
56-->src\main\AndroidManifest.xml:42:13-52
57            android:exported="false"
57-->src\main\AndroidManifest.xml:43:13-37
58            android:theme="@style/Theme.CLearning" />
58-->src\main\AndroidManifest.xml:44:13-51
59
60        <!-- C Programming Activity (Tabbed) -->
61        <activity
61-->src\main\AndroidManifest.xml:47:9-51:69
62            android:name="com.clearning.app.activities.CProgrammingActivity"
62-->src\main\AndroidManifest.xml:48:13-60
63            android:exported="false"
63-->src\main\AndroidManifest.xml:49:13-37
64            android:parentActivityName="com.clearning.app.activities.MainActivity"
64-->src\main\AndroidManifest.xml:51:13-66
65            android:theme="@style/Theme.CLearning" />
65-->src\main\AndroidManifest.xml:50:13-51
66
67        <!-- Java Programming Activity (Tabbed) -->
68        <activity
68-->src\main\AndroidManifest.xml:54:9-58:69
69            android:name="com.clearning.app.activities.JavaProgrammingActivity"
69-->src\main\AndroidManifest.xml:55:13-63
70            android:exported="false"
70-->src\main\AndroidManifest.xml:56:13-37
71            android:parentActivityName="com.clearning.app.activities.MainActivity"
71-->src\main\AndroidManifest.xml:58:13-66
72            android:theme="@style/Theme.CLearning" />
72-->src\main\AndroidManifest.xml:57:13-51
73
74        <!-- Chapter Activity -->
75        <activity
75-->src\main\AndroidManifest.xml:61:9-65:69
76            android:name="com.clearning.app.activities.ChapterActivity"
76-->src\main\AndroidManifest.xml:62:13-55
77            android:exported="false"
77-->src\main\AndroidManifest.xml:63:13-37
78            android:parentActivityName="com.clearning.app.activities.MainActivity"
78-->src\main\AndroidManifest.xml:65:13-66
79            android:theme="@style/Theme.CLearning" />
79-->src\main\AndroidManifest.xml:64:13-51
80
81        <!-- Lesson Activity -->
82        <activity
82-->src\main\AndroidManifest.xml:68:9-72:72
83            android:name="com.clearning.app.activities.LessonActivity"
83-->src\main\AndroidManifest.xml:69:13-54
84            android:exported="false"
84-->src\main\AndroidManifest.xml:70:13-37
85            android:parentActivityName="com.clearning.app.activities.ChapterActivity"
85-->src\main\AndroidManifest.xml:72:13-69
86            android:theme="@style/Theme.CLearning" />
86-->src\main\AndroidManifest.xml:71:13-51
87
88        <!-- Code View Activity -->
89        <activity
89-->src\main\AndroidManifest.xml:75:9-79:71
90            android:name="com.clearning.app.activities.CodeViewActivity"
90-->src\main\AndroidManifest.xml:76:13-56
91            android:exported="false"
91-->src\main\AndroidManifest.xml:77:13-37
92            android:parentActivityName="com.clearning.app.activities.LessonActivity"
92-->src\main\AndroidManifest.xml:79:13-68
93            android:theme="@style/Theme.CLearning" />
93-->src\main\AndroidManifest.xml:78:13-51
94
95        <!-- Quiz Activity -->
96        <activity
96-->src\main\AndroidManifest.xml:82:9-86:72
97            android:name="com.clearning.app.activities.QuizActivity"
97-->src\main\AndroidManifest.xml:83:13-52
98            android:exported="false"
98-->src\main\AndroidManifest.xml:84:13-37
99            android:parentActivityName="com.clearning.app.activities.ChapterActivity"
99-->src\main\AndroidManifest.xml:86:13-69
100            android:theme="@style/Theme.CLearning" />
100-->src\main\AndroidManifest.xml:85:13-51
101
102        <!-- Result Activity -->
103        <activity
103-->src\main\AndroidManifest.xml:89:9-93:69
104            android:name="com.clearning.app.activities.ResultActivity"
104-->src\main\AndroidManifest.xml:90:13-54
105            android:exported="false"
105-->src\main\AndroidManifest.xml:91:13-37
106            android:parentActivityName="com.clearning.app.activities.QuizActivity"
106-->src\main\AndroidManifest.xml:93:13-66
107            android:theme="@style/Theme.CLearning" />
107-->src\main\AndroidManifest.xml:92:13-51
108
109        <!-- Profile Activity -->
110        <activity
110-->src\main\AndroidManifest.xml:96:9-100:69
111            android:name="com.clearning.app.activities.ProfileActivity"
111-->src\main\AndroidManifest.xml:97:13-55
112            android:exported="false"
112-->src\main\AndroidManifest.xml:98:13-37
113            android:parentActivityName="com.clearning.app.activities.MainActivity"
113-->src\main\AndroidManifest.xml:100:13-66
114            android:theme="@style/Theme.CLearning" />
114-->src\main\AndroidManifest.xml:99:13-51
115
116        <!-- Edit Profile Activity -->
117        <activity
117-->src\main\AndroidManifest.xml:103:9-107:72
118            android:name="com.clearning.app.activities.EditProfileActivity"
118-->src\main\AndroidManifest.xml:104:13-59
119            android:exported="false"
119-->src\main\AndroidManifest.xml:105:13-37
120            android:parentActivityName="com.clearning.app.activities.ProfileActivity"
120-->src\main\AndroidManifest.xml:107:13-69
121            android:theme="@style/Theme.CLearning" />
121-->src\main\AndroidManifest.xml:106:13-51
122
123        <!-- About Activity -->
124        <activity
124-->src\main\AndroidManifest.xml:110:9-114:69
125            android:name="com.clearning.app.activities.AboutActivity"
125-->src\main\AndroidManifest.xml:111:13-53
126            android:exported="false"
126-->src\main\AndroidManifest.xml:112:13-37
127            android:parentActivityName="com.clearning.app.activities.MainActivity"
127-->src\main\AndroidManifest.xml:114:13-66
128            android:theme="@style/Theme.CLearning" />
128-->src\main\AndroidManifest.xml:113:13-51
129
130        <!-- Program Detail Activity -->
131        <activity
131-->src\main\AndroidManifest.xml:117:9-121:77
132            android:name="com.clearning.app.activities.ProgramDetailActivity"
132-->src\main\AndroidManifest.xml:118:13-61
133            android:exported="false"
133-->src\main\AndroidManifest.xml:119:13-37
134            android:parentActivityName="com.clearning.app.activities.CProgrammingActivity"
134-->src\main\AndroidManifest.xml:121:13-74
135            android:theme="@style/Theme.CLearning" />
135-->src\main\AndroidManifest.xml:120:13-51
136
137        <!-- Category Programs Activity -->
138        <activity
138-->src\main\AndroidManifest.xml:124:9-128:77
139            android:name="com.clearning.app.activities.CategoryProgramsActivity"
139-->src\main\AndroidManifest.xml:125:13-64
140            android:exported="false"
140-->src\main\AndroidManifest.xml:126:13-37
141            android:parentActivityName="com.clearning.app.activities.CProgrammingActivity"
141-->src\main\AndroidManifest.xml:128:13-74
142            android:theme="@style/Theme.CLearning" />
142-->src\main\AndroidManifest.xml:127:13-51
143
144        <!-- Practice Set Activity -->
145        <activity
145-->src\main\AndroidManifest.xml:131:9-135:77
146            android:name="com.clearning.app.activities.PracticeSetActivity"
146-->src\main\AndroidManifest.xml:132:13-59
147            android:exported="false"
147-->src\main\AndroidManifest.xml:133:13-37
148            android:parentActivityName="com.clearning.app.activities.CProgrammingActivity"
148-->src\main\AndroidManifest.xml:135:13-74
149            android:theme="@style/Theme.CLearning" />
149-->src\main\AndroidManifest.xml:134:13-51
150
151        <!-- Upcoming Features Activity -->
152        <activity
152-->src\main\AndroidManifest.xml:138:9-142:69
153            android:name="com.clearning.app.activities.UpcomingFeaturesActivity"
153-->src\main\AndroidManifest.xml:139:13-64
154            android:exported="false"
154-->src\main\AndroidManifest.xml:140:13-37
155            android:parentActivityName="com.clearning.app.activities.MainActivity"
155-->src\main\AndroidManifest.xml:142:13-66
156            android:theme="@style/Theme.CLearning" />
156-->src\main\AndroidManifest.xml:141:13-51
157
158        <!-- Settings Activity -->
159        <activity
159-->src\main\AndroidManifest.xml:145:9-149:69
160            android:name="com.clearning.app.activities.SettingsActivity"
160-->src\main\AndroidManifest.xml:146:13-56
161            android:exported="false"
161-->src\main\AndroidManifest.xml:147:13-37
162            android:parentActivityName="com.clearning.app.activities.MainActivity"
162-->src\main\AndroidManifest.xml:149:13-66
163            android:theme="@style/Theme.CLearning" />
163-->src\main\AndroidManifest.xml:148:13-51
164
165        <provider
165-->[androidx.emoji2:emoji2:1.2.0] AndroidManifest.xml:24:9-32:20
166            android:name="androidx.startup.InitializationProvider"
166-->[androidx.emoji2:emoji2:1.2.0] AndroidManifest.xml:25:13-67
167            android:authorities="com.clearning.app.androidx-startup"
167-->[androidx.emoji2:emoji2:1.2.0] AndroidManifest.xml:26:13-68
168            android:exported="false" >
168-->[androidx.emoji2:emoji2:1.2.0] AndroidManifest.xml:27:13-37
169            <meta-data
169-->[androidx.emoji2:emoji2:1.2.0] AndroidManifest.xml:29:13-31:52
170                android:name="androidx.emoji2.text.EmojiCompatInitializer"
170-->[androidx.emoji2:emoji2:1.2.0] AndroidManifest.xml:30:17-75
171                android:value="androidx.startup" />
171-->[androidx.emoji2:emoji2:1.2.0] AndroidManifest.xml:31:17-49
172            <meta-data
172-->[androidx.lifecycle:lifecycle-process:2.6.1] AndroidManifest.xml:29:13-31:52
173                android:name="androidx.lifecycle.ProcessLifecycleInitializer"
173-->[androidx.lifecycle:lifecycle-process:2.6.1] AndroidManifest.xml:30:17-78
174                android:value="androidx.startup" />
174-->[androidx.lifecycle:lifecycle-process:2.6.1] AndroidManifest.xml:31:17-49
175            <meta-data
175-->[androidx.profileinstaller:profileinstaller:1.3.0] AndroidManifest.xml:29:13-31:52
176                android:name="androidx.profileinstaller.ProfileInstallerInitializer"
176-->[androidx.profileinstaller:profileinstaller:1.3.0] AndroidManifest.xml:30:17-85
177                android:value="androidx.startup" />
177-->[androidx.profileinstaller:profileinstaller:1.3.0] AndroidManifest.xml:31:17-49
178        </provider>
179
180        <receiver
180-->[androidx.profileinstaller:profileinstaller:1.3.0] AndroidManifest.xml:34:9-52:20
181            android:name="androidx.profileinstaller.ProfileInstallReceiver"
181-->[androidx.profileinstaller:profileinstaller:1.3.0] AndroidManifest.xml:35:13-76
182            android:directBootAware="false"
182-->[androidx.profileinstaller:profileinstaller:1.3.0] AndroidManifest.xml:36:13-44
183            android:enabled="true"
183-->[androidx.profileinstaller:profileinstaller:1.3.0] AndroidManifest.xml:37:13-35
184            android:exported="true"
184-->[androidx.profileinstaller:profileinstaller:1.3.0] AndroidManifest.xml:38:13-36
185            android:permission="android.permission.DUMP" >
185-->[androidx.profileinstaller:profileinstaller:1.3.0] AndroidManifest.xml:39:13-57
186            <intent-filter>
186-->[androidx.profileinstaller:profileinstaller:1.3.0] AndroidManifest.xml:40:13-42:29
187                <action android:name="androidx.profileinstaller.action.INSTALL_PROFILE" />
187-->[androidx.profileinstaller:profileinstaller:1.3.0] AndroidManifest.xml:41:17-91
187-->[androidx.profileinstaller:profileinstaller:1.3.0] AndroidManifest.xml:41:25-88
188            </intent-filter>
189            <intent-filter>
189-->[androidx.profileinstaller:profileinstaller:1.3.0] AndroidManifest.xml:43:13-45:29
190                <action android:name="androidx.profileinstaller.action.SKIP_FILE" />
190-->[androidx.profileinstaller:profileinstaller:1.3.0] AndroidManifest.xml:44:17-85
190-->[androidx.profileinstaller:profileinstaller:1.3.0] AndroidManifest.xml:44:25-82
191            </intent-filter>
192            <intent-filter>
192-->[androidx.profileinstaller:profileinstaller:1.3.0] AndroidManifest.xml:46:13-48:29
193                <action android:name="androidx.profileinstaller.action.SAVE_PROFILE" />
193-->[androidx.profileinstaller:profileinstaller:1.3.0] AndroidManifest.xml:47:17-88
193-->[androidx.profileinstaller:profileinstaller:1.3.0] AndroidManifest.xml:47:25-85
194            </intent-filter>
195            <intent-filter>
195-->[androidx.profileinstaller:profileinstaller:1.3.0] AndroidManifest.xml:49:13-51:29
196                <action android:name="androidx.profileinstaller.action.BENCHMARK_OPERATION" />
196-->[androidx.profileinstaller:profileinstaller:1.3.0] AndroidManifest.xml:50:17-95
196-->[androidx.profileinstaller:profileinstaller:1.3.0] AndroidManifest.xml:50:25-92
197            </intent-filter>
198        </receiver>
199    </application>
200
201</manifest>